<?xml version="1.0" encoding="UTF-8"?>
<!-- Generated by org.testng.reporters.JUnitReportReporter -->
<testsuite skipped="0" hostname="Main" name="com.test.Demo" tests="1" failures="0" timestamp="05 Jan 2018 13:48:10 GMT" time="0.009" errors="0">
  <testcase name="rest" time="0.009" classname="com.test.Demo"/>
</testsuite> <!-- com.test.Demo -->
